

Started GET "/" for 127.0.0.1 at 2015-05-21 20:03:34 +0100

ActiveRecord::PendingMigrationError (

Migrations are pending. To resolve this issue, run:

	bin/rake db:migrate RAILS_ENV=development

):
  activerecord (4.2.1) lib/active_record/migration.rb:393:in `check_pending!'
  activerecord (4.2.1) lib/active_record/migration.rb:374:in `call'
  actionpack (4.2.1) lib/action_dispatch/middleware/callbacks.rb:29:in `block in call'
  activesupport (4.2.1) lib/active_support/callbacks.rb:88:in `call'
  activesupport (4.2.1) lib/active_support/callbacks.rb:88:in `_run_callbacks'
  activesupport (4.2.1) lib/active_support/callbacks.rb:776:in `_run_call_callbacks'
  activesupport (4.2.1) lib/active_support/callbacks.rb:81:in `run_callbacks'
  actionpack (4.2.1) lib/action_dispatch/middleware/callbacks.rb:27:in `call'
  actionpack (4.2.1) lib/action_dispatch/middleware/reloader.rb:73:in `call'
  actionpack (4.2.1) lib/action_dispatch/middleware/remote_ip.rb:78:in `call'
  actionpack (4.2.1) lib/action_dispatch/middleware/debug_exceptions.rb:17:in `call'
  web-console (2.1.2) lib/web_console/middleware.rb:37:in `call'
  actionpack (4.2.1) lib/action_dispatch/middleware/show_exceptions.rb:30:in `call'
  railties (4.2.1) lib/rails/rack/logger.rb:38:in `call_app'
  railties (4.2.1) lib/rails/rack/logger.rb:20:in `block in call'
  activesupport (4.2.1) lib/active_support/tagged_logging.rb:68:in `block in tagged'
  activesupport (4.2.1) lib/active_support/tagged_logging.rb:26:in `tagged'
  activesupport (4.2.1) lib/active_support/tagged_logging.rb:68:in `tagged'
  railties (4.2.1) lib/rails/rack/logger.rb:20:in `call'
  actionpack (4.2.1) lib/action_dispatch/middleware/request_id.rb:21:in `call'
  rack (1.6.1) lib/rack/methodoverride.rb:22:in `call'
  rack (1.6.1) lib/rack/runtime.rb:18:in `call'
  activesupport (4.2.1) lib/active_support/cache/strategy/local_cache_middleware.rb:28:in `call'
  rack (1.6.1) lib/rack/lock.rb:17:in `call'
  actionpack (4.2.1) lib/action_dispatch/middleware/static.rb:113:in `call'
  rack (1.6.1) lib/rack/sendfile.rb:113:in `call'
  railties (4.2.1) lib/rails/engine.rb:518:in `call'
  railties (4.2.1) lib/rails/application.rb:164:in `call'
  rack (1.6.1) lib/rack/lock.rb:17:in `call'
  rack (1.6.1) lib/rack/content_length.rb:15:in `call'
  rack (1.6.1) lib/rack/handler/webrick.rb:89:in `service'
  /home/tiago/.rvm/rubies/ruby-2.2.1/lib/ruby/2.2.0/webrick/httpserver.rb:138:in `service'
  /home/tiago/.rvm/rubies/ruby-2.2.1/lib/ruby/2.2.0/webrick/httpserver.rb:94:in `run'
  /home/tiago/.rvm/rubies/ruby-2.2.1/lib/ruby/2.2.0/webrick/server.rb:294:in `block in start_thread'


  Rendered /home/tiago/.rvm/gems/ruby-2.2.1/gems/actionpack-4.2.1/lib/action_dispatch/middleware/templates/rescues/_source.erb (3.3ms)
  Rendered /home/tiago/.rvm/gems/ruby-2.2.1/gems/actionpack-4.2.1/lib/action_dispatch/middleware/templates/rescues/_trace.html.erb (1.7ms)
  Rendered /home/tiago/.rvm/gems/ruby-2.2.1/gems/actionpack-4.2.1/lib/action_dispatch/middleware/templates/rescues/_request_and_response.html.erb (1.1ms)
  Rendered /home/tiago/.rvm/gems/ruby-2.2.1/gems/actionpack-4.2.1/lib/action_dispatch/middleware/templates/rescues/diagnostics.html.erb within rescues/layout (22.9ms)
  Rendered /home/tiago/.rvm/gems/ruby-2.2.1/gems/web-console-2.1.2/lib/web_console/templates/_markup.html.erb (0.4ms)
  Rendered /home/tiago/.rvm/gems/ruby-2.2.1/gems/web-console-2.1.2/lib/web_console/templates/style.css.erb within layouts/inlined_string (0.4ms)
  Rendered /home/tiago/.rvm/gems/ruby-2.2.1/gems/web-console-2.1.2/lib/web_console/templates/_inner_console_markup.html.erb within layouts/inlined_string (0.4ms)
  Rendered /home/tiago/.rvm/gems/ruby-2.2.1/gems/web-console-2.1.2/lib/web_console/templates/_prompt_box_markup.html.erb within layouts/inlined_string (0.3ms)
  Rendered /home/tiago/.rvm/gems/ruby-2.2.1/gems/web-console-2.1.2/lib/web_console/templates/console.js.erb within layouts/javascript (18.5ms)
  Rendered /home/tiago/.rvm/gems/ruby-2.2.1/gems/web-console-2.1.2/lib/web_console/templates/main.js.erb within layouts/javascript (0.3ms)
  Rendered /home/tiago/.rvm/gems/ruby-2.2.1/gems/web-console-2.1.2/lib/web_console/templates/error_page.js.erb within layouts/javascript (0.6ms)
  Rendered /home/tiago/.rvm/gems/ruby-2.2.1/gems/web-console-2.1.2/lib/web_console/templates/index.html.erb (38.5ms)
  [1m[36m (6.1ms)[0m  [1mCREATE TABLE "schema_migrations" ("version" varchar NOT NULL) [0m
  [1m[35m (0.1ms)[0m  select sqlite_version(*)
  [1m[36m (5.5ms)[0m  [1mCREATE UNIQUE INDEX "unique_schema_migrations" ON "schema_migrations" ("version")[0m
  [1m[35mActiveRecord::SchemaMigration Load (0.1ms)[0m  SELECT "schema_migrations".* FROM "schema_migrations"
Migrating to CreateUsers (20150511190339)
  [1m[36m (0.1ms)[0m  [1mbegin transaction[0m
  [1m[35m (0.5ms)[0m  CREATE TABLE "users" ("id" INTEGER PRIMARY KEY AUTOINCREMENT NOT NULL, "created_at" datetime NOT NULL, "updated_at" datetime NOT NULL, "email" varchar NOT NULL, "encrypted_password" varchar(128) NOT NULL, "confirmation_token" varchar(128), "remember_token" varchar(128) NOT NULL) 
  [1m[36m (0.2ms)[0m  [1mCREATE  INDEX "index_users_on_email" ON "users" ("email")[0m
  [1m[35m (0.1ms)[0m              SELECT sql
            FROM sqlite_master
            WHERE name='index_users_on_email' AND type='index'
            UNION ALL
            SELECT sql
            FROM sqlite_temp_master
            WHERE name='index_users_on_email' AND type='index'

  [1m[36m (0.2ms)[0m  [1mCREATE  INDEX "index_users_on_remember_token" ON "users" ("remember_token")[0m
  [1m[35mSQL (0.4ms)[0m  INSERT INTO "schema_migrations" ("version") VALUES (?)  [["version", "20150511190339"]]
  [1m[36m (5.0ms)[0m  [1mcommit transaction[0m
Migrating to CreateTeams (20150511211715)
  [1m[35m (0.1ms)[0m  begin transaction
DEPRECATION WARNING: `#timestamp` was called without specifying an option for `null`. In Rails 5, this behavior will change to `null: false`. You should manually specify `null: true` to prevent the behavior of your existing migrations from changing. (called from block in change at /home/tiago/project-g5/db/migrate/20150511211715_create_teams.rb:7)
  [1m[36m (0.4ms)[0m  [1mCREATE TABLE "teams" ("id" INTEGER PRIMARY KEY AUTOINCREMENT NOT NULL, "name" varchar NOT NULL, "user_id" integer, "created_at" datetime, "updated_at" datetime) [0m
  [1m[35mSQL (0.2ms)[0m  INSERT INTO "schema_migrations" ("version") VALUES (?)  [["version", "20150511211715"]]
  [1m[36m (5.8ms)[0m  [1mcommit transaction[0m
  [1m[35mActiveRecord::SchemaMigration Load (0.1ms)[0m  SELECT "schema_migrations".* FROM "schema_migrations"
  [1m[36m (0.2ms)[0m  [1m            SELECT sql
            FROM sqlite_master
            WHERE name='index_users_on_remember_token' AND type='index'
            UNION ALL
            SELECT sql
            FROM sqlite_temp_master
            WHERE name='index_users_on_remember_token' AND type='index'
[0m
  [1m[35m (0.2ms)[0m              SELECT sql
            FROM sqlite_master
            WHERE name='index_users_on_email' AND type='index'
            UNION ALL
            SELECT sql
            FROM sqlite_temp_master
            WHERE name='index_users_on_email' AND type='index'



Started GET "/" for 127.0.0.1 at 2015-05-21 20:04:14 +0100
  [1m[36mActiveRecord::SchemaMigration Load (0.1ms)[0m  [1mSELECT "schema_migrations".* FROM "schema_migrations"[0m
Processing by PagesController#home as HTML
  Rendered pages/home.html.erb within layouts/application (2.0ms)
Completed 200 OK in 990ms (Views: 967.3ms | ActiveRecord: 0.0ms)


Started GET "/assets/application.self-e80e8f2318043e8af94dddc2adad5a4f09739a8ebb323b3ab31cd71d45fd9113.css?body=1" for 127.0.0.1 at 2015-05-21 20:04:16 +0100


Started GET "/assets/application.self-3b8dabdc891efe46b9a144b400ad69e37d7e5876bdc39dee783419a69d7ca819.js?body=1" for 127.0.0.1 at 2015-05-21 20:04:16 +0100


Started GET "/assets/jquery.self-d03a5518f45df77341bdbe6201ba3bfa547ebba8ed64f0ea56bfa5f96ea7c074.js?body=1" for 127.0.0.1 at 2015-05-21 20:04:16 +0100


Started GET "/assets/jquery_ujs.self-8e98a7a072a6cee1372d19fff9ff3e6aa1e39a37d89d6f06861637d061113ee7.js?body=1" for 127.0.0.1 at 2015-05-21 20:04:16 +0100


Started GET "/assets/turbolinks.self-c37727e9bd6b2735da5c311aa83fead54ed0be6cc8bd9a65309e9c5abe2cbfff.js?body=1" for 127.0.0.1 at 2015-05-21 20:04:16 +0100


Started GET "/teams/new" for 127.0.0.1 at 2015-05-21 20:06:13 +0100
Processing by TeamsController#new as HTML
  Rendered teams/new.html.erb within layouts/application (62.0ms)
Completed 200 OK in 124ms (Views: 104.3ms | ActiveRecord: 1.1ms)


Started POST "/teams" for 127.0.0.1 at 2015-05-21 20:06:16 +0100
Processing by TeamsController#create as HTML
  Parameters: {"utf8"=>"✓", "authenticity_token"=>"[FILTERED]", "team"=>{"name"=>"sdfsdfsdf"}, "commit"=>"Create Team"}
  [1m[35m (0.1ms)[0m  begin transaction
  [1m[36mSQL (0.4ms)[0m  [1mINSERT INTO "teams" ("name", "created_at", "updated_at") VALUES (?, ?, ?)[0m  [["name", "sdfsdfsdf"], ["created_at", "2015-05-21 19:06:16.305365"], ["updated_at", "2015-05-21 19:06:16.305365"]]
  [1m[35m (11.3ms)[0m  commit transaction
Redirected to http://localhost:3000/
Completed 302 Found in 50ms (ActiveRecord: 11.9ms)


Started GET "/" for 127.0.0.1 at 2015-05-21 20:06:16 +0100
Processing by PagesController#home as HTML
  Rendered pages/home.html.erb within layouts/application (0.2ms)
Completed 200 OK in 33ms (Views: 32.5ms | ActiveRecord: 0.0ms)


Started GET "/teams/new" for 127.0.0.1 at 2015-05-21 20:06:20 +0100
Processing by TeamsController#new as HTML
  Rendered teams/new.html.erb within layouts/application (1.9ms)
Completed 200 OK in 36ms (Views: 34.7ms | ActiveRecord: 0.0ms)


Started POST "/teams" for 127.0.0.1 at 2015-05-21 20:06:23 +0100
Processing by TeamsController#create as HTML
  Parameters: {"utf8"=>"✓", "authenticity_token"=>"[FILTERED]", "team"=>{"name"=>"sdfsdfsdf"}, "commit"=>"Create Team"}
  [1m[36m (0.1ms)[0m  [1mbegin transaction[0m
  [1m[35mSQL (0.4ms)[0m  INSERT INTO "teams" ("name", "created_at", "updated_at") VALUES (?, ?, ?)  [["name", "sdfsdfsdf"], ["created_at", "2015-05-21 19:06:23.126574"], ["updated_at", "2015-05-21 19:06:23.126574"]]
  [1m[36m (5.1ms)[0m  [1mcommit transaction[0m
Redirected to http://localhost:3000/
Completed 302 Found in 25ms (ActiveRecord: 5.6ms)


Started GET "/" for 127.0.0.1 at 2015-05-21 20:06:23 +0100
Processing by PagesController#home as HTML
  Rendered pages/home.html.erb within layouts/application (0.2ms)
Completed 200 OK in 28ms (Views: 27.5ms | ActiveRecord: 0.0ms)


Started GET "/sign_in" for 127.0.0.1 at 2015-05-21 20:06:24 +0100
Processing by Clearance::SessionsController#new as HTML
  Rendered /home/tiago/.rvm/gems/ruby-2.2.1/gems/clearance-1.8.0/app/views/sessions/_form.html.erb (4.3ms)
  Rendered /home/tiago/.rvm/gems/ruby-2.2.1/gems/clearance-1.8.0/app/views/sessions/new.html.erb within layouts/application (9.1ms)
Completed 200 OK in 38ms (Views: 36.8ms | ActiveRecord: 0.0ms)


Started POST "/session" for 127.0.0.1 at 2015-05-21 20:06:26 +0100
Processing by Clearance::SessionsController#create as HTML
  Parameters: {"utf8"=>"✓", "authenticity_token"=>"[FILTERED]", "session"=>{"email"=>"", "password"=>"[FILTERED]"}, "commit"=>"Sign in"}
  [1m[35mUser Load (0.4ms)[0m  SELECT  "users".* FROM "users" WHERE "users"."email" = ? LIMIT 1  [["email", ""]]
  Rendered /home/tiago/.rvm/gems/ruby-2.2.1/gems/clearance-1.8.0/app/views/sessions/_form.html.erb (2.3ms)
  Rendered /home/tiago/.rvm/gems/ruby-2.2.1/gems/clearance-1.8.0/app/views/sessions/new.html.erb within layouts/application (4.3ms)
Completed 401 Unauthorized in 50ms (Views: 38.5ms | ActiveRecord: 0.6ms)


Started GET "/sign_in" for 127.0.0.1 at 2015-05-21 20:06:30 +0100
Processing by Clearance::SessionsController#new as HTML
  Rendered /home/tiago/.rvm/gems/ruby-2.2.1/gems/clearance-1.8.0/app/views/sessions/_form.html.erb (3.7ms)
  Rendered /home/tiago/.rvm/gems/ruby-2.2.1/gems/clearance-1.8.0/app/views/sessions/new.html.erb within layouts/application (4.9ms)
Completed 200 OK in 47ms (Views: 46.1ms | ActiveRecord: 0.0ms)


Started GET "/teams/new" for 127.0.0.1 at 2015-05-21 20:06:33 +0100
Processing by TeamsController#new as HTML
  Rendered teams/new.html.erb within layouts/application (2.4ms)
Completed 200 OK in 38ms (Views: 36.8ms | ActiveRecord: 0.0ms)


Started GET "/teams/new" for 127.0.0.1 at 2015-05-21 20:06:39 +0100
Processing by TeamsController#new as HTML
  Rendered teams/new.html.erb within layouts/application (4.1ms)
Completed 200 OK in 48ms (Views: 47.4ms | ActiveRecord: 0.0ms)


Started GET "/assets/application.self-e80e8f2318043e8af94dddc2adad5a4f09739a8ebb323b3ab31cd71d45fd9113.css?body=1" for 127.0.0.1 at 2015-05-21 20:06:39 +0100


Started GET "/assets/jquery.self-d03a5518f45df77341bdbe6201ba3bfa547ebba8ed64f0ea56bfa5f96ea7c074.js?body=1" for 127.0.0.1 at 2015-05-21 20:06:39 +0100


Started GET "/assets/jquery_ujs.self-8e98a7a072a6cee1372d19fff9ff3e6aa1e39a37d89d6f06861637d061113ee7.js?body=1" for 127.0.0.1 at 2015-05-21 20:06:39 +0100


Started GET "/assets/turbolinks.self-c37727e9bd6b2735da5c311aa83fead54ed0be6cc8bd9a65309e9c5abe2cbfff.js?body=1" for 127.0.0.1 at 2015-05-21 20:06:39 +0100


Started GET "/assets/application.self-3b8dabdc891efe46b9a144b400ad69e37d7e5876bdc39dee783419a69d7ca819.js?body=1" for 127.0.0.1 at 2015-05-21 20:06:39 +0100


Started GET "/sign_in" for 127.0.0.1 at 2015-05-21 20:09:52 +0100
Processing by Clearance::SessionsController#new as HTML
  Rendered /home/tiago/.rvm/gems/ruby-2.2.1/gems/clearance-1.8.0/app/views/sessions/_form.html.erb (1.8ms)
  Rendered /home/tiago/.rvm/gems/ruby-2.2.1/gems/clearance-1.8.0/app/views/sessions/new.html.erb within layouts/application (3.1ms)
Completed 200 OK in 36ms (Views: 35.1ms | ActiveRecord: 0.0ms)


Started GET "/" for 127.0.0.1 at 2015-05-21 20:18:09 +0100
Processing by PagesController#home as HTML
  Rendered pages/home.html.erb within layouts/application (0.3ms)
Completed 200 OK in 40ms (Views: 39.6ms | ActiveRecord: 0.0ms)


Started GET "/" for 127.0.0.1 at 2015-05-21 20:32:56 +0100
  [1m[36mActiveRecord::SchemaMigration Load (0.1ms)[0m  [1mSELECT "schema_migrations".* FROM "schema_migrations"[0m
Processing by PagesController#home as HTML
  Rendered pages/home.html.erb within layouts/application (1.7ms)
Completed 200 OK in 1339ms (Views: 1329.9ms | ActiveRecord: 0.0ms)


Started GET "/assets/twitter-bootstrap-static/bootstrap.self-77d963462a71b85aa6c39f0110994006fed4301154d937da52eb3884ff813853.css?body=1" for 127.0.0.1 at 2015-05-21 20:32:58 +0100


Started GET "/assets/twitter/bootstrap/modal.self-ab1767545e27c0dbd36971e656ae4927171f673e3d932cdec2cbef39e991952b.js?body=1" for 127.0.0.1 at 2015-05-21 20:32:58 +0100


Started GET "/assets/twitter/bootstrap/alert.self-ebce91ec66c71bcee451ea7da9128fd1bf8faa02c6d22ea04c598423431e4c08.js?body=1" for 127.0.0.1 at 2015-05-21 20:32:58 +0100


Started GET "/assets/twitter/bootstrap/dropdown.self-8bb9309b6c24a4ba6b94026a049d25b13bdc0553b6fe83255c14a715ba624cc4.js?body=1" for 127.0.0.1 at 2015-05-21 20:32:58 +0100


Started GET "/assets/twitter-bootstrap-static/fontawesome.self-c1a8821f7eb1b195061d7706930814ecc6bd44db4c68f208da5fe14845fa11ea.css?body=1" for 127.0.0.1 at 2015-05-21 20:32:58 +0100


Started GET "/assets/twitter/bootstrap/transition.self-db278e3a8fa6249c16796b113ebd29e11ef4e2cd021618ed84895d524a4511e0.js?body=1" for 127.0.0.1 at 2015-05-21 20:32:58 +0100


Started GET "/assets/bootstrap_and_overrides.self-2cb3834583dfbaf0a39c7139750bf963e05d79cbe811126997e013400be5d8dc.css?body=1" for 127.0.0.1 at 2015-05-21 20:32:58 +0100


Started GET "/assets/twitter/bootstrap/tab.self-7e3ee4a243bb416b5f0111a0be08f8547c5d72ba71fe4afe4a4a007f5cb4e10e.js?body=1" for 127.0.0.1 at 2015-05-21 20:32:58 +0100


Started GET "/assets/twitter/bootstrap/scrollspy.self-bd0c6724cdc75302fe98dfeff923112b76c1673cf4a0752a7050b7feea15594c.js?body=1" for 127.0.0.1 at 2015-05-21 20:32:58 +0100


Started GET "/assets/twitter/bootstrap/popover.self-cd672ecad3b549e1dbd89bfd044e5812d6fdade56f42d48e3acee0c3f4614526.js?body=1" for 127.0.0.1 at 2015-05-21 20:32:58 +0100


Started GET "/assets/twitter/bootstrap/tooltip.self-d7f9330825307d053f68da11bb9ddc9b070df72deef3d115f2f3d55f66b17457.js?body=1" for 127.0.0.1 at 2015-05-21 20:32:58 +0100


Started GET "/assets/twitter/bootstrap/button.self-ceb562de883e04359bb2c06f07bdf6ecf065cc8a5027e2e58857c5e91b0b68e3.js?body=1" for 127.0.0.1 at 2015-05-21 20:32:58 +0100


Started GET "/assets/twitter/bootstrap/collapse.self-a87553101c955a01e2e8c81fad69a16582ddbf58fe95d5eb335dde5567af7647.js?body=1" for 127.0.0.1 at 2015-05-21 20:32:58 +0100


Started GET "/assets/twitter/bootstrap/carousel.self-5d09995e01b647168888180d40e271f9a6759d68ae7ac029d7026af58813d376.js?body=1" for 127.0.0.1 at 2015-05-21 20:32:58 +0100


Started GET "/assets/twitter/bootstrap/affix.self-14e04bbe71282aa039322ab93e3a3a886ddede5f59a2f365f7c861f697bbeb21.js?body=1" for 127.0.0.1 at 2015-05-21 20:32:58 +0100


Started GET "/assets/twitter/bootstrap.self-fbfa5ad7d9aa0afe439ec4ff3883acc4cb92b62cb67c40d674320c9aa1d4642d.js?body=1" for 127.0.0.1 at 2015-05-21 20:32:58 +0100


Started GET "/assets/bootstrap.self-fdc98dee79ee88255e10cac6caa91338165cb76cf0d263744d8d90011fc2ef8f.js?body=1" for 127.0.0.1 at 2015-05-21 20:32:58 +0100


Started GET "/assets/application.self-f8806224e027f3e3f0138ea9ce99319e298dfdb323304d1f1be6eae8e8c74724.js?body=1" for 127.0.0.1 at 2015-05-21 20:32:58 +0100


Started GET "/sign_in" for 127.0.0.1 at 2015-05-21 20:36:56 +0100
Processing by Clearance::SessionsController#new as HTML
  Rendered /home/tiago/.rvm/gems/ruby-2.2.1/gems/clearance-1.8.0/app/views/sessions/_form.html.erb (13.2ms)
  Rendered /home/tiago/.rvm/gems/ruby-2.2.1/gems/clearance-1.8.0/app/views/sessions/new.html.erb within layouts/application (23.6ms)
Completed 200 OK in 294ms (Views: 292.8ms | ActiveRecord: 0.0ms)


Started GET "/sign_in" for 127.0.0.1 at 2015-05-21 20:36:56 +0100
Processing by Clearance::SessionsController#new as HTML
  Rendered /home/tiago/.rvm/gems/ruby-2.2.1/gems/clearance-1.8.0/app/views/sessions/_form.html.erb (4.2ms)
  Rendered /home/tiago/.rvm/gems/ruby-2.2.1/gems/clearance-1.8.0/app/views/sessions/new.html.erb within layouts/application (6.4ms)
Completed 200 OK in 122ms (Views: 120.9ms | ActiveRecord: 0.0ms)


Started GET "/assets/my_css.self-8cd25b123c66b2c0e85e01dfe2cf8920262364fe39612f2ba2e7aa5ec12c1105.css?body=1" for 127.0.0.1 at 2015-05-21 20:36:56 +0100


Started GET "/sign_up" for 127.0.0.1 at 2015-05-21 20:37:09 +0100
Processing by Clearance::UsersController#new as HTML
  Rendered /home/tiago/.rvm/gems/ruby-2.2.1/gems/clearance-1.8.0/app/views/users/_form.html.erb (3.3ms)
  Rendered /home/tiago/.rvm/gems/ruby-2.2.1/gems/clearance-1.8.0/app/views/users/new.html.erb within layouts/application (7.4ms)
Completed 200 OK in 171ms (Views: 113.7ms | ActiveRecord: 0.5ms)


Started POST "/users" for 127.0.0.1 at 2015-05-21 20:37:26 +0100
Processing by Clearance::UsersController#create as HTML
  Parameters: {"utf8"=>"✓", "authenticity_token"=>"[FILTERED]", "user"=>{"email"=>"tiago@gmail.com", "password"=>"[FILTERED]"}, "commit"=>"Sign up"}
  [1m[35m (0.1ms)[0m  begin transaction
  [1m[36mUser Exists (0.2ms)[0m  [1mSELECT  1 AS one FROM "users" WHERE "users"."email" = 'tiago@gmail.com' LIMIT 1[0m
  [1m[35mSQL (0.4ms)[0m  INSERT INTO "users" ("email", "encrypted_password", "created_at", "updated_at", "remember_token") VALUES (?, ?, ?, ?, ?)  [["email", "tiago@gmail.com"], ["encrypted_password", "$2a$10$tjWMg9SOYlLO.pSMMgppqerphG1TxpugGKxVh7j2Otvl/MBRpyueq"], ["created_at", "2015-05-21 19:37:26.535990"], ["updated_at", "2015-05-21 19:37:26.535990"], ["remember_token", "53a66680b92f74e15314a551bfdfcfba18f1c992"]]
  [1m[36m (6.5ms)[0m  [1mcommit transaction[0m
Redirected to http://localhost:3000/
Completed 302 Found in 160ms (ActiveRecord: 7.2ms)


Started GET "/" for 127.0.0.1 at 2015-05-21 20:37:26 +0100
Processing by PagesController#home as HTML
  [1m[35mUser Load (0.3ms)[0m  SELECT  "users".* FROM "users" WHERE "users"."remember_token" = ?  ORDER BY "users"."id" ASC LIMIT 1  [["remember_token", "53a66680b92f74e15314a551bfdfcfba18f1c992"]]
  [1m[36mTeam Load (0.2ms)[0m  [1mSELECT  "teams".* FROM "teams" WHERE "teams"."user_id" = ?  ORDER BY "teams"."id" ASC LIMIT 1[0m  [["user_id", 1]]
  Rendered pages/home.html.erb within layouts/application (25.9ms)
Completed 200 OK in 133ms (Views: 131.7ms | ActiveRecord: 0.7ms)


Started GET "/teams/new" for 127.0.0.1 at 2015-05-21 20:37:32 +0100
Processing by TeamsController#new as HTML
  Rendered teams/new.html.erb within layouts/application (3.3ms)
  [1m[35mUser Load (0.1ms)[0m  SELECT  "users".* FROM "users" WHERE "users"."remember_token" = ?  ORDER BY "users"."id" ASC LIMIT 1  [["remember_token", "53a66680b92f74e15314a551bfdfcfba18f1c992"]]
Completed 200 OK in 100ms (Views: 96.4ms | ActiveRecord: 0.1ms)


Started POST "/teams" for 127.0.0.1 at 2015-05-21 20:37:37 +0100
Processing by TeamsController#create as HTML
  Parameters: {"utf8"=>"✓", "authenticity_token"=>"[FILTERED]", "team"=>{"name"=>"TiagoTeam"}, "commit"=>"Create Team"}
  [1m[36mUser Load (0.4ms)[0m  [1mSELECT  "users".* FROM "users" WHERE "users"."remember_token" = ?  ORDER BY "users"."id" ASC LIMIT 1[0m  [["remember_token", "53a66680b92f74e15314a551bfdfcfba18f1c992"]]
  [1m[35m (0.1ms)[0m  begin transaction
  [1m[36mSQL (0.3ms)[0m  [1mINSERT INTO "teams" ("name", "user_id", "created_at", "updated_at") VALUES (?, ?, ?, ?)[0m  [["name", "TiagoTeam"], ["user_id", 1], ["created_at", "2015-05-21 19:37:37.042314"], ["updated_at", "2015-05-21 19:37:37.042314"]]
  [1m[35m (13.9ms)[0m  commit transaction
Redirected to http://localhost:3000/
Completed 302 Found in 35ms (ActiveRecord: 14.6ms)


Started GET "/" for 127.0.0.1 at 2015-05-21 20:37:37 +0100
Processing by PagesController#home as HTML
  [1m[36mUser Load (0.1ms)[0m  [1mSELECT  "users".* FROM "users" WHERE "users"."remember_token" = ?  ORDER BY "users"."id" ASC LIMIT 1[0m  [["remember_token", "53a66680b92f74e15314a551bfdfcfba18f1c992"]]
  [1m[35mTeam Load (0.1ms)[0m  SELECT  "teams".* FROM "teams" WHERE "teams"."user_id" = ?  ORDER BY "teams"."id" ASC LIMIT 1  [["user_id", 1]]
  [1m[36mCACHE (0.0ms)[0m  [1mSELECT  "teams".* FROM "teams" WHERE "teams"."user_id" = ?  ORDER BY "teams"."id" ASC LIMIT 1[0m  [["user_id", 1]]
  Rendered pages/home.html.erb within layouts/application (3.3ms)
Completed 200 OK in 111ms (Views: 110.0ms | ActiveRecord: 0.3ms)
